{
  "RSpec": {
    "coverage": {
      "/Users/anthonycrisp/Desktop/Projects/bank_tech_test_v2/spec/account_spec.rb": [
        1,
        null,
        1,
        7,
        null,
        1,
        1,
        null,
        null,
        1,
        1,
        4,
        null,
        null,
        1,
        1,
        1,
        1,
        null,
        null,
        null,
        1,
        1,
        1,
        4,
        null,
        null,
        1,
        1,
        1,
        1,
        1,
        null,
        null,
        1,
        1,
        2,
        null,
        null,
        null
      ],
      "/Users/anthonycrisp/Desktop/Projects/bank_tech_test_v2/lib/account.rb": [
        1,
        1,
        1,
        1,
        null,
        1,
        1,
        null,
        1,
        7,
        7,
        null,
        null,
        1,
        7,
        7,
        null,
        null,
        1,
        5,
        4,
        null,
        null,
        1,
        1,
        null,
        null
      ],
      "/Users/anthonycrisp/Desktop/Projects/bank_tech_test_v2/lib/balance.rb": [
        null,
        null,
        1,
        1,
        null,
        1,
        7,
        null,
        null,
        1,
        7,
        null,
        null,
        1,
        5,
        4,
        null,
        null
      ],
      "/Users/anthonycrisp/Desktop/Projects/bank_tech_test_v2/lib/transaction_log.rb": [
        null,
        1,
        1,
        1,
        null,
        1,
        8,
        null,
        null,
        1,
        7,
        null,
        null,
        1,
        4,
        null,
        null
      ],
      "/Users/anthonycrisp/Desktop/Projects/bank_tech_test_v2/lib/date_generator.rb": [
        null,
        1,
        null,
        1,
        1,
        11,
        null,
        null
      ],
      "/Users/anthonycrisp/Desktop/Projects/bank_tech_test_v2/lib/statement_printer.rb": [
        null,
        1,
        null,
        1,
        1,
        null,
        1,
        3,
        null,
        null,
        1,
        3,
        3,
        5,
        null,
        null,
        null
      ],
      "/Users/anthonycrisp/Desktop/Projects/bank_tech_test_v2/spec/date_generator_spec.rb": [
        1,
        1,
        null,
        1,
        2,
        1,
        1,
        null,
        null
      ],
      "/Users/anthonycrisp/Desktop/Projects/bank_tech_test_v2/spec/feature/account_feature_spec.rb": [
        1,
        null,
        null,
        null,
        null,
        null,
        null,
        null,
        null,
        null,
        null,
        1,
        2,
        1,
        1,
        1,
        1,
        2,
        null,
        null,
        null,
        null,
        null,
        null,
        null
      ],
      "/Users/anthonycrisp/Desktop/Projects/bank_tech_test_v2/spec/statement_printer_spec.rb": [
        1,
        1,
        1,
        null,
        1,
        2,
        1,
        2,
        null,
        null,
        1,
        1,
        1,
        2,
        null,
        null,
        null,
        null,
        null,
        null
      ],
      "/Users/anthonycrisp/Desktop/Projects/bank_tech_test_v2/spec/transaction_log_spec.rb": [
        1,
        null,
        1,
        2,
        null,
        1,
        1,
        null,
        null
      ]
    },
    "timestamp": 1497649664
  }
}
